# JRE version: Java(TM) SE Runtime Environment (8.0_71-b15) (build 1.8.0_71-b15)
# Java VM: Java HotSpot(TM) 64-Bit Server VM (25.71-b15 mixed mode windows-amd64 compressed oops)
Heap:
 PSYoungGen      total 378368K, used 280260K [0x00000000e0000000, 0x00000000fba80000, 0x0000000100000000)
  eden space 311296K, 77% used [0x00000000e0000000,0x00000000eeb30818,0x00000000f3000000)
  from space 67072K, 58% used [0x00000000f3000000,0x00000000f5680aa8,0x00000000f7180000)
  to   space 68096K, 0% used [0x00000000f7800000,0x00000000f7800000,0x00000000fba80000)
 ParOldGen       total 355840K, used 44872K [0x00000000a0000000, 0x00000000b5b80000, 0x00000000e0000000)
  object space 355840K, 12% used [0x00000000a0000000,0x00000000a2bd21a8,0x00000000b5b80000)
 Metaspace       used 111753K, capacity 119266K, committed 119488K, reserved 1153024K
  class space    used 14167K, capacity 15522K, committed 15576K, reserved 1048576K
GC Heap History (10 events):
Event: 15104.601 GC heap before
{Heap before GC invocations=75 (full 6):
 PSYoungGen      total 365568K, used 324952K [0x00000000e0000000, 0x00000000fa100000, 0x0000000100000000)
  eden space 305152K, 99% used [0x00000000e0000000,0x00000000f29de300,0x00000000f2a00000)
  from space 60416K, 32% used [0x00000000f6600000,0x00000000f7977de0,0x00000000fa100000)
  to   space 60928K, 0% used [0x00000000f2a00000,0x00000000f2a00000,0x00000000f6580000)
 ParOldGen       total 355840K, used 44840K [0x00000000a0000000, 0x00000000b5b80000, 0x00000000e0000000)
  object space 355840K, 12% used [0x00000000a0000000,0x00000000a2bca1a8,0x00000000b5b80000)
 Metaspace       used 98223K, capacity 104198K, committed 104256K, reserved 1140736K
  class space    used 12334K, capacity 13362K, committed 13400K, reserved 1048576K
Event: 15104.619 GC heap after
Heap after GC invocations=75 (full 6):
 PSYoungGen      total 366080K, used 32356K [0x00000000e0000000, 0x00000000fa900000, 0x0000000100000000)
  eden space 305152K, 0% used [0x00000000e0000000,0x00000000e0000000,0x00000000f2a00000)
  from space 60928K, 53% used [0x00000000f2a00000,0x00000000f4999300,0x00000000f6580000)
  to   space 61440K, 0% used [0x00000000f6d00000,0x00000000f6d00000,0x00000000fa900000)
 ParOldGen       total 355840K, used 44848K [0x00000000a0000000, 0x00000000b5b80000, 0x00000000e0000000)
  object space 355840K, 12% used [0x00000000a0000000,0x00000000a2bcc1a8,0x00000000b5b80000)
 Metaspace       used 98223K, capacity 104198K, committed 104256K, reserved 1140736K
  class space    used 12334K, capacity 13362K, committed 13400K, reserved 1048576K
}
Event: 15106.223 GC heap before
{Heap before GC invocations=76 (full 6):
 PSYoungGen      total 366080K, used 337508K [0x00000000e0000000, 0x00000000fa900000, 0x0000000100000000)
  eden space 305152K, 100% used [0x00000000e0000000,0x00000000f2a00000,0x00000000f2a00000)
  from space 60928K, 53% used [0x00000000f2a00000,0x00000000f4999300,0x00000000f6580000)
  to   space 61440K, 0% used [0x00000000f6d00000,0x00000000f6d00000,0x00000000fa900000)
 ParOldGen       total 355840K, used 44848K [0x00000000a0000000, 0x00000000b5b80000, 0x00000000e0000000)
  object space 355840K, 12% used [0x00000000a0000000,0x00000000a2bcc1a8,0x00000000b5b80000)
 Metaspace       used 98246K, capacity 104198K, committed 104256K, reserved 1140736K
  class space    used 12336K, capacity 13362K, committed 13400K, reserved 1048576K
Event: 15106.242 GC heap after
Heap after GC invocations=76 (full 6):
 PSYoungGen      total 365568K, used 56516K [0x00000000e0000000, 0x00000000fbc00000, 0x0000000100000000)
  eden space 304128K, 0% used [0x00000000e0000000,0x00000000e0000000,0x00000000f2900000)
  from space 61440K, 91% used [0x00000000f6d00000,0x00000000fa431048,0x00000000fa900000)
  to   space 69632K, 0% used [0x00000000f2900000,0x00000000f2900000,0x00000000f6d00000)
 ParOldGen       total 355840K, used 44848K [0x00000000a0000000, 0x00000000b5b80000, 0x00000000e0000000)
  object space 355840K, 12% used [0x00000000a0000000,0x00000000a2bcc1a8,0x00000000b5b80000)
 Metaspace       used 98246K, capacity 104198K, committed 104256K, reserved 1140736K
  class space    used 12336K, capacity 13362K, committed 13400K, reserved 1048576K
}
Event: 15416.647 GC heap before
{Heap before GC invocations=77 (full 6):
 PSYoungGen      total 365568K, used 360644K [0x00000000e0000000, 0x00000000fbc00000, 0x0000000100000000)
  eden space 304128K, 100% used [0x00000000e0000000,0x00000000f2900000,0x00000000f2900000)
  from space 61440K, 91% used [0x00000000f6d00000,0x00000000fa431048,0x00000000fa900000)
  to   space 69632K, 0% used [0x00000000f2900000,0x00000000f2900000,0x00000000f6d00000)
 ParOldGen       total 355840K, used 44848K [0x00000000a0000000, 0x00000000b5b80000, 0x00000000e0000000)
  object space 355840K, 12% used [0x00000000a0000000,0x00000000a2bcc1a8,0x00000000b5b80000)
 Metaspace       used 102449K, capacity 108920K, committed 108992K, reserved 1144832K
  class space    used 12876K, capacity 13997K, committed 14040K, reserved 1048576K
Event: 15416.654 GC heap after
Heap after GC invocations=77 (full 6):
 PSYoungGen      total 373760K, used 13728K [0x00000000e0000000, 0x00000000fb480000, 0x0000000100000000)
  eden space 304128K, 0% used [0x00000000e0000000,0x00000000e0000000,0x00000000f2900000)
  from space 69632K, 19% used [0x00000000f2900000,0x00000000f3668088,0x00000000f6d00000)
  to   space 67584K, 0% used [0x00000000f7280000,0x00000000f7280000,0x00000000fb480000)
 ParOldGen       total 355840K, used 44856K [0x00000000a0000000, 0x00000000b5b80000, 0x00000000e0000000)
  object space 355840K, 12% used [0x00000000a0000000,0x00000000a2bce1a8,0x00000000b5b80000)
 Metaspace       used 102449K, capacity 108920K, committed 108992K, reserved 1144832K
  class space    used 12876K, capacity 13997K, committed 14040K, reserved 1048576K
}
Event: 15427.685 GC heap before
{Heap before GC invocations=78 (full 6):
 PSYoungGen      total 373760K, used 317856K [0x00000000e0000000, 0x00000000fb480000, 0x0000000100000000)
  eden space 304128K, 100% used [0x00000000e0000000,0x00000000f2900000,0x00000000f2900000)
  from space 69632K, 19% used [0x00000000f2900000,0x00000000f3668088,0x00000000f6d00000)
  to   space 67584K, 0% used [0x00000000f7280000,0x00000000f7280000,0x00000000fb480000)
 ParOldGen       total 355840K, used 44856K [0x00000000a0000000, 0x00000000b5b80000, 0x00000000e0000000)
  object space 355840K, 12% used [0x00000000a0000000,0x00000000a2bce1a8,0x00000000b5b80000)
 Metaspace       used 109042K, capacity 115858K, committed 116160K, reserved 1150976K
  class space    used 13808K, capacity 15002K, committed 15064K, reserved 1048576K
Event: 15427.707 GC heap after
Heap after GC invocations=78 (full 6):
 PSYoungGen      total 377344K, used 35018K [0x00000000e0000000, 0x00000000fb300000, 0x0000000100000000)
  eden space 311296K, 0% used [0x00000000e0000000,0x00000000e0000000,0x00000000f3000000)
  from space 66048K, 53% used [0x00000000f7280000,0x00000000f94b2bf0,0x00000000fb300000)
  to   space 67072K, 0% used [0x00000000f3000000,0x00000000f3000000,0x00000000f7180000)
 ParOldGen       total 355840K, used 44864K [0x00000000a0000000, 0x00000000b5b80000, 0x00000000e0000000)
  object space 355840K, 12% used [0x00000000a0000000,0x00000000a2bd01a8,0x00000000b5b80000)
 Metaspace       used 109042K, capacity 115858K, committed 116160K, reserved 1150976K
  class space    used 13808K, capacity 15002K, committed 15064K, reserved 1048576K
}
Event: 15510.516 GC heap before
{Heap before GC invocations=79 (full 6):
 PSYoungGen      total 377344K, used 346314K [0x00000000e0000000, 0x00000000fb300000, 0x0000000100000000)
  eden space 311296K, 100% used [0x00000000e0000000,0x00000000f3000000,0x00000000f3000000)
  from space 66048K, 53% used [0x00000000f7280000,0x00000000f94b2bf0,0x00000000fb300000)
  to   space 67072K, 0% used [0x00000000f3000000,0x00000000f3000000,0x00000000f7180000)
 ParOldGen       total 355840K, used 44864K [0x00000000a0000000, 0x00000000b5b80000, 0x00000000e0000000)
  object space 355840K, 12% used [0x00000000a0000000,0x00000000a2bd01a8,0x00000000b5b80000)
 Metaspace       used 111556K, capacity 119022K, committed 119232K, reserved 1153024K
  class space    used 14156K, capacity 15504K, committed 15576K, reserved 1048576K
Event: 15510.529 GC heap after
Heap after GC invocations=79 (full 6):
 PSYoungGen      total 378368K, used 39426K [0x00000000e0000000, 0x00000000fba80000, 0x0000000100000000)
  eden space 311296K, 0% used [0x00000000e0000000,0x00000000e0000000,0x00000000f3000000)
  from space 67072K, 58% used [0x00000000f3000000,0x00000000f5680aa8,0x00000000f7180000)
  to   space 68096K, 0% used [0x00000000f7800000,0x00000000f7800000,0x00000000fba80000)
 ParOldGen       total 355840K, used 44872K [0x00000000a0000000, 0x00000000b5b80000, 0x00000000e0000000)
  object space 355840K, 12% used [0x00000000a0000000,0x00000000a2bd21a8,0x00000000b5b80000)
 Metaspace       used 111556K, capacity 119022K, committed 119232K, reserved 1153024K
  class space    used 14156K, capacity 15504K, committed 15576K, reserved 1048576K
}

